<?xml version="1.0" encoding="UTF-8"?>
<!-- Generated by org.testng.reporters.JUnitXMLReporter -->
<testsuite ignored="0" hostname="LAPTOP-BR73BODV" failures="1" tests="11" name="Test" time="0.066" errors="0" timestamp="2022-05-10T17:25:57 IST">
  <testcase classname="org.reRun.SampleTests" name="tc0" time="0.007"/>
  <testcase classname="org.reRun.SampleTests" name="tc1" time="0.003">
    <skipped/>
  </testcase> <!-- tc1 -->
  <testcase classname="org.reRun.SampleTests" name="tc1" time="0.001">
    <skipped/>
  </testcase> <!-- tc1 -->
  <testcase classname="org.reRun.SampleTests" name="tc1" time="0.001">
    <skipped/>
  </testcase> <!-- tc1 -->
  <testcase classname="org.reRun.SampleTests" name="tc1" time="0.001">
    <skipped/>
  </testcase> <!-- tc1 -->
  <testcase classname="org.reRun.SampleTests" name="tc1" time="0.001">
    <skipped/>
  </testcase> <!-- tc1 -->
  <testcase classname="org.reRun.SampleTests" name="tc1" time="0.001">
    <failure type="java.lang.AssertionError" message="expected [true] but found [false]">
      <![CDATA[java.lang.AssertionError: expected [true] but found [false]
at org.reRun.SampleTests.tc1(SampleTests.java:16)
at java.base/java.util.ArrayList.forEach(ArrayList.java:1511)
... Removed 31 stack frames]]>
    </failure>
  </testcase> <!-- tc1 -->
  <testcase classname="org.reRun.SampleTests" name="tc2" time="0.0"/>
  <testcase classname="org.reRun.SampleTests" name="tc3" time="0.001"/>
  <testcase classname="org.reRun.SampleTests" name="tc4" time="0.001"/>
  <testcase classname="org.reRun.SampleTests" name="tc5" time="0.001"/>
</testsuite> <!-- Test -->
